<?xml version="1.0" encoding="UTF-8"?>
<!-- Generated by org.testng.reporters.JUnitReportReporter -->
<testsuite hostname="azharkadri-HP-Laptop-15-bs0xx" failures="0" tests="1" name="rest_assured_BDD.PostRequestCustomer" time="2.835" errors="0" timestamp="2020-01-27T22:54:50 IST" skipped="0">
  <testcase classname="rest_assured_BDD.PostRequestCustomer" name="testPostCustomer" time="2.835"/>
  <system-out/>
</testsuite> <!-- rest_assured_BDD.PostRequestCustomer -->
