<?xml version="1.0" encoding="UTF-8"?>
<!-- Generated by org.testng.reporters.JUnitReportReporter -->
<testsuite hostname="azharkadri-HP-Laptop-15-bs0xx" failures="0" tests="1" name="rest_assured_BDD.PutRequestEmployee" time="2.746" errors="0" timestamp="2020-01-27T23:54:26 IST" skipped="0">
  <testcase classname="rest_assured_BDD.PutRequestEmployee" name="TestPut" time="2.746"/>
  <system-out/>
</testsuite> <!-- rest_assured_BDD.PutRequestEmployee -->
